DEB [20201030-18:28:35.553] thr=1   paramiko.transport: starting thread (client mode): 0xac110f0
DEB [20201030-18:28:35.554] thr=1   paramiko.transport: Local version/idstring: SSH-2.0-paramiko_2.7.2
DEB [20201030-18:28:35.672] thr=1   paramiko.transport: Remote version/idstring: SSH-2.0-OpenSSH_8.3p1 Ubuntu-1
INF [20201030-18:28:35.672] thr=1   paramiko.transport: Connected (version 2.0, client OpenSSH_8.3p1)
DEB [20201030-18:28:35.762] thr=1   paramiko.transport: kex algos:['curve25519-sha256', 'curve25519-sha256@libssh.org', 'ecdh-sha2-nistp256', 'ecdh-sha2-nistp384', 'ecdh-sha2-nistp521', 'diffie-hellman-group-exchange-sha256', 'diffie-hellman-group16-sha512', 'diffie-hellman-group18-sha512', 'diffie-hellman-group14-sha256'] server key:['rsa-sha2-512', 'rsa-sha2-256', 'ssh-rsa', 'ecdsa-sha2-nistp256', 'ssh-ed25519'] client encrypt:['chacha20-poly1305@openssh.com', 'aes128-ctr', 'aes192-ctr', 'aes256-ctr', 'aes128-gcm@openssh.com', 'aes256-gcm@openssh.com'] server encrypt:['chacha20-poly1305@openssh.com', 'aes128-ctr', 'aes192-ctr', 'aes256-ctr', 'aes128-gcm@openssh.com', 'aes256-gcm@openssh.com'] client mac:['umac-64-etm@openssh.com', 'umac-128-etm@openssh.com', 'hmac-sha2-256-etm@openssh.com', 'hmac-sha2-512-etm@openssh.com', 'hmac-sha1-etm@openssh.com', 'umac-64@openssh.com', 'umac-128@openssh.com', 'hmac-sha2-256', 'hmac-sha2-512', 'hmac-sha1'] server mac:['umac-64-etm@openssh.com', 'umac-128-etm@openssh.com', 'hmac-sha2-256-etm@openssh.com', 'hmac-sha2-512-etm@openssh.com', 'hmac-sha1-etm@openssh.com', 'umac-64@openssh.com', 'umac-128@openssh.com', 'hmac-sha2-256', 'hmac-sha2-512', 'hmac-sha1'] client compress:['none', 'zlib@openssh.com'] server compress:['none', 'zlib@openssh.com'] client lang:[''] server lang:[''] kex follows?False
DEB [20201030-18:28:35.763] thr=1   paramiko.transport: Kex agreed: curve25519-sha256@libssh.org
DEB [20201030-18:28:35.763] thr=1   paramiko.transport: HostKey agreed: ecdsa-sha2-nistp256
DEB [20201030-18:28:35.763] thr=1   paramiko.transport: Cipher agreed: aes128-ctr
DEB [20201030-18:28:35.763] thr=1   paramiko.transport: MAC agreed: hmac-sha2-256
DEB [20201030-18:28:35.763] thr=1   paramiko.transport: Compression agreed: none
DEB [20201030-18:28:36.140] thr=1   paramiko.transport: kex engine KexCurve25519 specified hash_algo <built-in function openssl_sha256>
DEB [20201030-18:28:36.141] thr=1   paramiko.transport: Switch to new keys ...
DEB [20201030-18:28:36.151] thr=2   paramiko.transport: Trying discovered key b'5dd418c1670c7ed57be183593730d07f' in /Users/A187AG/.ssh/id_rsa
DEB [20201030-18:28:36.326] thr=1   paramiko.transport: userauth is OK
INF [20201030-18:28:36.443] thr=1   paramiko.transport: Authentication (publickey) failed.
DEB [20201030-18:28:48.169] thr=3   paramiko.transport: starting thread (client mode): 0xac2cac8
DEB [20201030-18:28:48.170] thr=3   paramiko.transport: Local version/idstring: SSH-2.0-paramiko_2.7.2
DEB [20201030-18:28:48.283] thr=3   paramiko.transport: Remote version/idstring: SSH-2.0-OpenSSH_8.3p1 Ubuntu-1
INF [20201030-18:28:48.283] thr=3   paramiko.transport: Connected (version 2.0, client OpenSSH_8.3p1)
DEB [20201030-18:28:48.384] thr=3   paramiko.transport: kex algos:['curve25519-sha256', 'curve25519-sha256@libssh.org', 'ecdh-sha2-nistp256', 'ecdh-sha2-nistp384', 'ecdh-sha2-nistp521', 'diffie-hellman-group-exchange-sha256', 'diffie-hellman-group16-sha512', 'diffie-hellman-group18-sha512', 'diffie-hellman-group14-sha256'] server key:['rsa-sha2-512', 'rsa-sha2-256', 'ssh-rsa', 'ecdsa-sha2-nistp256', 'ssh-ed25519'] client encrypt:['chacha20-poly1305@openssh.com', 'aes128-ctr', 'aes192-ctr', 'aes256-ctr', 'aes128-gcm@openssh.com', 'aes256-gcm@openssh.com'] server encrypt:['chacha20-poly1305@openssh.com', 'aes128-ctr', 'aes192-ctr', 'aes256-ctr', 'aes128-gcm@openssh.com', 'aes256-gcm@openssh.com'] client mac:['umac-64-etm@openssh.com', 'umac-128-etm@openssh.com', 'hmac-sha2-256-etm@openssh.com', 'hmac-sha2-512-etm@openssh.com', 'hmac-sha1-etm@openssh.com', 'umac-64@openssh.com', 'umac-128@openssh.com', 'hmac-sha2-256', 'hmac-sha2-512', 'hmac-sha1'] server mac:['umac-64-etm@openssh.com', 'umac-128-etm@openssh.com', 'hmac-sha2-256-etm@openssh.com', 'hmac-sha2-512-etm@openssh.com', 'hmac-sha1-etm@openssh.com', 'umac-64@openssh.com', 'umac-128@openssh.com', 'hmac-sha2-256', 'hmac-sha2-512', 'hmac-sha1'] client compress:['none', 'zlib@openssh.com'] server compress:['none', 'zlib@openssh.com'] client lang:[''] server lang:[''] kex follows?False
DEB [20201030-18:28:48.384] thr=3   paramiko.transport: Kex agreed: curve25519-sha256@libssh.org
DEB [20201030-18:28:48.385] thr=3   paramiko.transport: HostKey agreed: ecdsa-sha2-nistp256
DEB [20201030-18:28:48.385] thr=3   paramiko.transport: Cipher agreed: aes128-ctr
DEB [20201030-18:28:48.385] thr=3   paramiko.transport: MAC agreed: hmac-sha2-256
DEB [20201030-18:28:48.385] thr=3   paramiko.transport: Compression agreed: none
DEB [20201030-18:28:48.497] thr=3   paramiko.transport: kex engine KexCurve25519 specified hash_algo <built-in function openssl_sha256>
DEB [20201030-18:28:48.497] thr=3   paramiko.transport: Switch to new keys ...
DEB [20201030-18:28:48.507] thr=2   paramiko.transport: Trying discovered key b'5dd418c1670c7ed57be183593730d07f' in /Users/A187AG/.ssh/id_rsa
DEB [20201030-18:28:49.145] thr=3   paramiko.transport: userauth is OK
INF [20201030-18:28:49.264] thr=3   paramiko.transport: Authentication (publickey) failed.
DEB [20201030-18:28:49.966] thr=3   paramiko.transport: userauth is OK
INF [20201030-18:28:50.089] thr=3   paramiko.transport: Authentication (password) successful!
DEB [20201030-18:28:50.091] thr=2   paramiko.transport: [chan 0] Max packet in: 32768 bytes
DEB [20201030-18:28:50.788] thr=3   paramiko.transport: Received global request "hostkeys-00@openssh.com"
DEB [20201030-18:28:50.788] thr=3   paramiko.transport: Rejecting "hostkeys-00@openssh.com" global request from server.
DEB [20201030-18:28:50.888] thr=3   paramiko.transport: [chan 0] Max packet out: 32768 bytes
DEB [20201030-18:28:50.889] thr=3   paramiko.transport: Secsh channel 0 opened.
DEB [20201030-18:28:50.991] thr=3   paramiko.transport: [chan 0] Sesch channel 0 request ok
DEB [20201030-18:28:51.097] thr=3   paramiko.transport: [chan 0] Sesch channel 0 request ok
DEB [20201030-18:28:51.102] thr=3   paramiko.transport: [chan 0] EOF received (0)
DEB [20201030-18:28:51.103] thr=3   paramiko.transport: [chan 0] EOF sent (0)
DEB [20201030-18:28:51.113] thr=2   paramiko.transport: [chan 1] Max packet in: 32768 bytes
DEB [20201030-18:28:52.448] thr=3   paramiko.transport: [chan 1] Max packet out: 32768 bytes
DEB [20201030-18:28:52.448] thr=3   paramiko.transport: Secsh channel 1 opened.
DEB [20201030-18:28:52.551] thr=3   paramiko.transport: [chan 1] Sesch channel 1 request ok
DEB [20201030-18:28:53.059] thr=3   paramiko.transport: [chan 1] Sesch channel 1 request ok
DEB [20201030-18:28:53.060] thr=3   paramiko.transport: [chan 1] EOF received (1)
DEB [20201030-18:28:53.061] thr=3   paramiko.transport: [chan 1] EOF sent (1)
DEB [20201030-18:28:53.063] thr=2   paramiko.transport: [chan 2] Max packet in: 32768 bytes
DEB [20201030-18:28:54.145] thr=3   paramiko.transport: [chan 2] Max packet out: 32768 bytes
DEB [20201030-18:28:54.145] thr=3   paramiko.transport: Secsh channel 2 opened.
DEB [20201030-18:28:54.250] thr=3   paramiko.transport: [chan 2] Sesch channel 2 request ok
DEB [20201030-18:28:56.518] thr=3   paramiko.transport: [chan 2] Sesch channel 2 request ok
DEB [20201030-18:28:56.625] thr=3   paramiko.transport: [chan 2] EOF received (2)
DEB [20201030-18:28:56.626] thr=3   paramiko.transport: [chan 2] EOF sent (2)
DEB [20201030-18:28:56.631] thr=2   paramiko.transport: [chan 3] Max packet in: 32768 bytes
DEB [20201030-18:28:56.990] thr=3   paramiko.transport: [chan 3] Max packet out: 32768 bytes
DEB [20201030-18:28:56.990] thr=3   paramiko.transport: Secsh channel 3 opened.
DEB [20201030-18:28:57.097] thr=3   paramiko.transport: [chan 3] Sesch channel 3 request ok
DEB [20201030-18:28:57.200] thr=3   paramiko.transport: [chan 3] Sesch channel 3 request ok
DEB [20201030-18:28:58.496] thr=3   paramiko.transport: [chan 3] EOF received (3)
DEB [20201030-18:28:58.497] thr=3   paramiko.transport: [chan 3] EOF sent (3)
DEB [20201030-18:28:58.523] thr=2   paramiko.transport: [chan 4] Max packet in: 32768 bytes
DEB [20201030-18:28:59.247] thr=3   paramiko.transport: [chan 4] Max packet out: 32768 bytes
DEB [20201030-18:28:59.248] thr=3   paramiko.transport: Secsh channel 4 opened.
DEB [20201030-18:28:59.349] thr=3   paramiko.transport: [chan 4] Sesch channel 4 request ok
DEB [20201030-18:28:59.453] thr=3   paramiko.transport: [chan 4] Sesch channel 4 request ok
DEB [20201030-18:28:59.472] thr=3   paramiko.transport: [chan 4] EOF received (4)
DEB [20201030-18:28:59.472] thr=3   paramiko.transport: [chan 4] EOF sent (4)
DEB [20201030-18:28:59.492] thr=2   paramiko.transport: [chan 5] Max packet in: 32768 bytes
DEB [20201030-18:29:00.903] thr=3   paramiko.transport: [chan 5] Max packet out: 32768 bytes
DEB [20201030-18:29:00.904] thr=3   paramiko.transport: Secsh channel 5 opened.
DEB [20201030-18:29:01.006] thr=3   paramiko.transport: [chan 5] Sesch channel 5 request ok
DEB [20201030-18:29:01.111] thr=3   paramiko.transport: [chan 5] Sesch channel 5 request ok
DEB [20201030-18:29:01.118] thr=3   paramiko.transport: [chan 5] EOF received (5)
DEB [20201030-18:29:01.118] thr=3   paramiko.transport: [chan 5] EOF sent (5)
DEB [20201030-18:29:01.120] thr=2   paramiko.transport: [chan 6] Max packet in: 32768 bytes
DEB [20201030-18:29:04.443] thr=3   paramiko.transport: [chan 6] Max packet out: 32768 bytes
DEB [20201030-18:29:04.444] thr=3   paramiko.transport: Secsh channel 6 opened.
DEB [20201030-18:29:04.546] thr=3   paramiko.transport: [chan 6] Sesch channel 6 request ok
DEB [20201030-18:29:04.652] thr=3   paramiko.transport: [chan 6] Sesch channel 6 request ok
DEB [20201030-18:29:04.754] thr=3   paramiko.transport: [chan 6] EOF received (6)
DEB [20201030-18:29:04.754] thr=3   paramiko.transport: [chan 6] EOF sent (6)
DEB [20201030-18:29:04.762] thr=2   paramiko.transport: [chan 7] Max packet in: 32768 bytes
DEB [20201030-18:29:05.856] thr=3   paramiko.transport: [chan 7] Max packet out: 32768 bytes
DEB [20201030-18:29:05.856] thr=3   paramiko.transport: Secsh channel 7 opened.
DEB [20201030-18:29:05.958] thr=3   paramiko.transport: [chan 7] Sesch channel 7 request ok
DEB [20201030-18:29:06.061] thr=3   paramiko.transport: [chan 7] Sesch channel 7 request ok
DEB [20201030-18:29:07.493] thr=3   paramiko.transport: [chan 7] EOF received (7)
DEB [20201030-18:29:07.494] thr=3   paramiko.transport: [chan 7] EOF sent (7)
DEB [20201030-18:29:07.501] thr=2   paramiko.transport: [chan 8] Max packet in: 32768 bytes
DEB [20201030-18:29:10.640] thr=3   paramiko.transport: [chan 8] Max packet out: 32768 bytes
DEB [20201030-18:29:10.640] thr=3   paramiko.transport: Secsh channel 8 opened.
DEB [20201030-18:29:10.743] thr=3   paramiko.transport: [chan 8] Sesch channel 8 request ok
DEB [20201030-18:29:10.847] thr=3   paramiko.transport: [chan 8] Sesch channel 8 request ok
DEB [20201030-18:29:10.862] thr=3   paramiko.transport: [chan 8] EOF received (8)
DEB [20201030-18:29:10.862] thr=3   paramiko.transport: [chan 8] EOF sent (8)
DEB [20201030-18:29:10.868] thr=2   paramiko.transport: [chan 9] Max packet in: 32768 bytes
DEB [20201030-18:29:13.794] thr=3   paramiko.transport: [chan 9] Max packet out: 32768 bytes
DEB [20201030-18:29:13.794] thr=3   paramiko.transport: Secsh channel 9 opened.
DEB [20201030-18:29:13.898] thr=3   paramiko.transport: [chan 9] Sesch channel 9 request ok
DEB [20201030-18:29:14.004] thr=3   paramiko.transport: [chan 9] Sesch channel 9 request ok
DEB [20201030-18:29:14.108] thr=3   paramiko.transport: [chan 9] EOF received (9)
DEB [20201030-18:29:14.108] thr=3   paramiko.transport: [chan 9] EOF sent (9)
DEB [20201030-18:29:14.116] thr=2   paramiko.transport: [chan 10] Max packet in: 32768 bytes
DEB [20201030-18:29:14.598] thr=3   paramiko.transport: [chan 10] Max packet out: 32768 bytes
DEB [20201030-18:29:14.598] thr=3   paramiko.transport: Secsh channel 10 opened.
DEB [20201030-18:29:14.701] thr=3   paramiko.transport: [chan 10] Sesch channel 10 request ok
DEB [20201030-18:29:14.805] thr=3   paramiko.transport: [chan 10] Sesch channel 10 request ok
DEB [20201030-18:29:14.812] thr=3   paramiko.transport: [chan 10] EOF received (10)
DEB [20201030-18:29:14.814] thr=3   paramiko.transport: [chan 10] EOF sent (10)
DEB [20201030-18:29:14.821] thr=2   paramiko.transport: [chan 11] Max packet in: 32768 bytes
DEB [20201030-18:29:15.981] thr=3   paramiko.transport: [chan 11] Max packet out: 32768 bytes
DEB [20201030-18:29:15.981] thr=3   paramiko.transport: Secsh channel 11 opened.
DEB [20201030-18:29:18.222] thr=3   paramiko.transport: [chan 11] Sesch channel 11 request ok
DEB [20201030-18:29:18.325] thr=3   paramiko.transport: [chan 11] Sesch channel 11 request ok
DEB [20201030-18:29:18.329] thr=3   paramiko.transport: [chan 11] EOF received (11)
DEB [20201030-18:29:18.330] thr=3   paramiko.transport: [chan 11] EOF sent (11)
DEB [20201030-18:29:18.337] thr=2   paramiko.transport: [chan 12] Max packet in: 32768 bytes
DEB [20201030-18:29:20.880] thr=3   paramiko.transport: [chan 12] Max packet out: 32768 bytes
DEB [20201030-18:29:20.881] thr=3   paramiko.transport: Secsh channel 12 opened.
DEB [20201030-18:29:20.983] thr=3   paramiko.transport: [chan 12] Sesch channel 12 request ok
DEB [20201030-18:29:21.085] thr=3   paramiko.transport: [chan 12] Sesch channel 12 request ok
DEB [20201030-18:29:21.094] thr=3   paramiko.transport: [chan 12] EOF received (12)
DEB [20201030-18:29:21.095] thr=3   paramiko.transport: [chan 12] EOF sent (12)
DEB [20201030-18:29:21.099] thr=2   paramiko.transport: [chan 13] Max packet in: 32768 bytes
DEB [20201030-18:29:21.343] thr=3   paramiko.transport: [chan 13] Max packet out: 32768 bytes
DEB [20201030-18:29:21.343] thr=3   paramiko.transport: Secsh channel 13 opened.
DEB [20201030-18:29:21.841] thr=3   paramiko.transport: [chan 13] Sesch channel 13 request ok
DEB [20201030-18:29:21.945] thr=3   paramiko.transport: [chan 13] Sesch channel 13 request ok
DEB [20201030-18:29:22.046] thr=3   paramiko.transport: [chan 13] EOF received (13)
DEB [20201030-18:29:22.046] thr=3   paramiko.transport: [chan 13] EOF sent (13)
DEB [20201030-18:29:22.054] thr=2   paramiko.transport: [chan 14] Max packet in: 32768 bytes
DEB [20201030-18:29:22.553] thr=3   paramiko.transport: [chan 14] Max packet out: 32768 bytes
DEB [20201030-18:29:22.554] thr=3   paramiko.transport: Secsh channel 14 opened.
DEB [20201030-18:29:22.912] thr=3   paramiko.transport: [chan 14] Sesch channel 14 request ok
DEB [20201030-18:29:23.019] thr=3   paramiko.transport: [chan 14] Sesch channel 14 request ok
DEB [20201030-18:29:23.026] thr=3   paramiko.transport: [chan 14] EOF received (14)
DEB [20201030-18:29:23.026] thr=3   paramiko.transport: [chan 14] EOF sent (14)
DEB [20201030-18:29:23.031] thr=2   paramiko.transport: [chan 15] Max packet in: 32768 bytes
DEB [20201030-18:29:24.011] thr=3   paramiko.transport: [chan 15] Max packet out: 32768 bytes
DEB [20201030-18:29:24.011] thr=3   paramiko.transport: Secsh channel 15 opened.
DEB [20201030-18:29:24.113] thr=3   paramiko.transport: [chan 15] Sesch channel 15 request ok
DEB [20201030-18:29:24.218] thr=3   paramiko.transport: [chan 15] Sesch channel 15 request ok
DEB [20201030-18:29:24.223] thr=3   paramiko.transport: [chan 15] EOF received (15)
DEB [20201030-18:29:24.224] thr=3   paramiko.transport: [chan 15] EOF sent (15)
DEB [20201030-18:29:24.235] thr=2   paramiko.transport: [chan 16] Max packet in: 32768 bytes
DEB [20201030-18:29:25.010] thr=3   paramiko.transport: [chan 16] Max packet out: 32768 bytes
DEB [20201030-18:29:25.010] thr=3   paramiko.transport: Secsh channel 16 opened.
DEB [20201030-18:29:25.113] thr=3   paramiko.transport: [chan 16] Sesch channel 16 request ok
DEB [20201030-18:29:25.602] thr=3   paramiko.transport: [chan 16] Sesch channel 16 request ok
DEB [20201030-18:29:25.605] thr=3   paramiko.transport: [chan 16] EOF received (16)
DEB [20201030-18:29:25.606] thr=3   paramiko.transport: [chan 16] EOF sent (16)
DEB [20201030-18:29:25.619] thr=2   paramiko.transport: [chan 17] Max packet in: 32768 bytes
DEB [20201030-18:29:26.017] thr=3   paramiko.transport: [chan 17] Max packet out: 32768 bytes
DEB [20201030-18:29:26.017] thr=3   paramiko.transport: Secsh channel 17 opened.
DEB [20201030-18:29:26.121] thr=3   paramiko.transport: [chan 17] Sesch channel 17 request ok
DEB [20201030-18:29:26.224] thr=3   paramiko.transport: [chan 17] Sesch channel 17 request ok
DEB [20201030-18:29:28.067] thr=3   paramiko.transport: [chan 17] EOF received (17)
DEB [20201030-18:29:28.068] thr=3   paramiko.transport: [chan 17] EOF sent (17)
DEB [20201030-18:29:28.078] thr=2   paramiko.transport: [chan 18] Max packet in: 32768 bytes
DEB [20201030-18:29:29.293] thr=3   paramiko.transport: [chan 18] Max packet out: 32768 bytes
DEB [20201030-18:29:29.293] thr=3   paramiko.transport: Secsh channel 18 opened.
DEB [20201030-18:29:29.396] thr=3   paramiko.transport: [chan 18] Sesch channel 18 request ok
DEB [20201030-18:29:29.500] thr=3   paramiko.transport: [chan 18] Sesch channel 18 request ok
DEB [20201030-18:29:31.087] thr=3   paramiko.transport: [chan 18] EOF received (18)
DEB [20201030-18:29:31.088] thr=3   paramiko.transport: [chan 18] EOF sent (18)
DEB [20201030-18:30:35.553] thr=1   paramiko.transport: starting thread (client mode): 0x10d1aba8
DEB [20201030-18:30:35.553] thr=1   paramiko.transport: Local version/idstring: SSH-2.0-paramiko_2.7.2
DEB [20201030-18:30:35.661] thr=1   paramiko.transport: Remote version/idstring: SSH-2.0-OpenSSH_8.3p1 Ubuntu-1
INF [20201030-18:30:35.661] thr=1   paramiko.transport: Connected (version 2.0, client OpenSSH_8.3p1)
DEB [20201030-18:30:35.761] thr=1   paramiko.transport: kex algos:['curve25519-sha256', 'curve25519-sha256@libssh.org', 'ecdh-sha2-nistp256', 'ecdh-sha2-nistp384', 'ecdh-sha2-nistp521', 'diffie-hellman-group-exchange-sha256', 'diffie-hellman-group16-sha512', 'diffie-hellman-group18-sha512', 'diffie-hellman-group14-sha256'] server key:['rsa-sha2-512', 'rsa-sha2-256', 'ssh-rsa', 'ecdsa-sha2-nistp256', 'ssh-ed25519'] client encrypt:['chacha20-poly1305@openssh.com', 'aes128-ctr', 'aes192-ctr', 'aes256-ctr', 'aes128-gcm@openssh.com', 'aes256-gcm@openssh.com'] server encrypt:['chacha20-poly1305@openssh.com', 'aes128-ctr', 'aes192-ctr', 'aes256-ctr', 'aes128-gcm@openssh.com', 'aes256-gcm@openssh.com'] client mac:['umac-64-etm@openssh.com', 'umac-128-etm@openssh.com', 'hmac-sha2-256-etm@openssh.com', 'hmac-sha2-512-etm@openssh.com', 'hmac-sha1-etm@openssh.com', 'umac-64@openssh.com', 'umac-128@openssh.com', 'hmac-sha2-256', 'hmac-sha2-512', 'hmac-sha1'] server mac:['umac-64-etm@openssh.com', 'umac-128-etm@openssh.com', 'hmac-sha2-256-etm@openssh.com', 'hmac-sha2-512-etm@openssh.com', 'hmac-sha1-etm@openssh.com', 'umac-64@openssh.com', 'umac-128@openssh.com', 'hmac-sha2-256', 'hmac-sha2-512', 'hmac-sha1'] client compress:['none', 'zlib@openssh.com'] server compress:['none', 'zlib@openssh.com'] client lang:[''] server lang:[''] kex follows?False
DEB [20201030-18:30:35.761] thr=1   paramiko.transport: Kex agreed: curve25519-sha256@libssh.org
DEB [20201030-18:30:35.762] thr=1   paramiko.transport: HostKey agreed: ecdsa-sha2-nistp256
DEB [20201030-18:30:35.762] thr=1   paramiko.transport: Cipher agreed: aes128-ctr
DEB [20201030-18:30:35.763] thr=1   paramiko.transport: MAC agreed: hmac-sha2-256
DEB [20201030-18:30:35.763] thr=1   paramiko.transport: Compression agreed: none
DEB [20201030-18:30:35.869] thr=1   paramiko.transport: kex engine KexCurve25519 specified hash_algo <built-in function openssl_sha256>
DEB [20201030-18:30:35.869] thr=1   paramiko.transport: Switch to new keys ...
DEB [20201030-18:30:35.876] thr=2   paramiko.transport: Trying discovered key b'5dd418c1670c7ed57be183593730d07f' in /Users/A187AG/.ssh/id_rsa
DEB [20201030-18:30:36.393] thr=1   paramiko.transport: userauth is OK
INF [20201030-18:30:36.511] thr=1   paramiko.transport: Authentication (publickey) failed.
DEB [20201030-18:31:23.448] thr=3   paramiko.transport: starting thread (client mode): 0x100094e0
DEB [20201030-18:31:23.449] thr=3   paramiko.transport: Local version/idstring: SSH-2.0-paramiko_2.7.2
DEB [20201030-18:31:23.562] thr=3   paramiko.transport: Remote version/idstring: SSH-2.0-OpenSSH_8.3p1 Ubuntu-1
INF [20201030-18:31:23.562] thr=3   paramiko.transport: Connected (version 2.0, client OpenSSH_8.3p1)
DEB [20201030-18:31:23.663] thr=3   paramiko.transport: kex algos:['curve25519-sha256', 'curve25519-sha256@libssh.org', 'ecdh-sha2-nistp256', 'ecdh-sha2-nistp384', 'ecdh-sha2-nistp521', 'diffie-hellman-group-exchange-sha256', 'diffie-hellman-group16-sha512', 'diffie-hellman-group18-sha512', 'diffie-hellman-group14-sha256'] server key:['rsa-sha2-512', 'rsa-sha2-256', 'ssh-rsa', 'ecdsa-sha2-nistp256', 'ssh-ed25519'] client encrypt:['chacha20-poly1305@openssh.com', 'aes128-ctr', 'aes192-ctr', 'aes256-ctr', 'aes128-gcm@openssh.com', 'aes256-gcm@openssh.com'] server encrypt:['chacha20-poly1305@openssh.com', 'aes128-ctr', 'aes192-ctr', 'aes256-ctr', 'aes128-gcm@openssh.com', 'aes256-gcm@openssh.com'] client mac:['umac-64-etm@openssh.com', 'umac-128-etm@openssh.com', 'hmac-sha2-256-etm@openssh.com', 'hmac-sha2-512-etm@openssh.com', 'hmac-sha1-etm@openssh.com', 'umac-64@openssh.com', 'umac-128@openssh.com', 'hmac-sha2-256', 'hmac-sha2-512', 'hmac-sha1'] server mac:['umac-64-etm@openssh.com', 'umac-128-etm@openssh.com', 'hmac-sha2-256-etm@openssh.com', 'hmac-sha2-512-etm@openssh.com', 'hmac-sha1-etm@openssh.com', 'umac-64@openssh.com', 'umac-128@openssh.com', 'hmac-sha2-256', 'hmac-sha2-512', 'hmac-sha1'] client compress:['none', 'zlib@openssh.com'] server compress:['none', 'zlib@openssh.com'] client lang:[''] server lang:[''] kex follows?False
DEB [20201030-18:31:23.664] thr=3   paramiko.transport: Kex agreed: curve25519-sha256@libssh.org
DEB [20201030-18:31:23.664] thr=3   paramiko.transport: HostKey agreed: ecdsa-sha2-nistp256
DEB [20201030-18:31:23.664] thr=3   paramiko.transport: Cipher agreed: aes128-ctr
DEB [20201030-18:31:23.664] thr=3   paramiko.transport: MAC agreed: hmac-sha2-256
DEB [20201030-18:31:23.664] thr=3   paramiko.transport: Compression agreed: none
DEB [20201030-18:31:23.776] thr=3   paramiko.transport: kex engine KexCurve25519 specified hash_algo <built-in function openssl_sha256>
DEB [20201030-18:31:23.777] thr=3   paramiko.transport: Switch to new keys ...
DEB [20201030-18:31:23.782] thr=2   paramiko.transport: Trying discovered key b'5dd418c1670c7ed57be183593730d07f' in /Users/A187AG/.ssh/id_rsa
DEB [20201030-18:31:24.012] thr=3   paramiko.transport: userauth is OK
INF [20201030-18:31:24.127] thr=3   paramiko.transport: Authentication (publickey) failed.
DEB [20201030-18:31:24.230] thr=3   paramiko.transport: userauth is OK
INF [20201030-18:31:24.458] thr=3   paramiko.transport: Authentication (password) successful!
DEB [20201030-18:31:24.459] thr=2   paramiko.transport: [chan 0] Max packet in: 32768 bytes
DEB [20201030-18:31:24.731] thr=3   paramiko.transport: Received global request "hostkeys-00@openssh.com"
DEB [20201030-18:31:24.731] thr=3   paramiko.transport: Rejecting "hostkeys-00@openssh.com" global request from server.
DEB [20201030-18:31:24.909] thr=3   paramiko.transport: [chan 0] Max packet out: 32768 bytes
DEB [20201030-18:31:24.909] thr=3   paramiko.transport: Secsh channel 0 opened.
DEB [20201030-18:31:25.013] thr=3   paramiko.transport: [chan 0] Sesch channel 0 request ok
DEB [20201030-18:31:25.120] thr=3   paramiko.transport: [chan 0] Sesch channel 0 request ok
DEB [20201030-18:31:25.127] thr=3   paramiko.transport: [chan 0] EOF received (0)
DEB [20201030-18:31:25.128] thr=3   paramiko.transport: [chan 0] EOF sent (0)
DEB [20201030-18:31:25.132] thr=2   paramiko.transport: [chan 1] Max packet in: 32768 bytes
DEB [20201030-18:31:25.333] thr=3   paramiko.transport: [chan 1] Max packet out: 32768 bytes
DEB [20201030-18:31:25.333] thr=3   paramiko.transport: Secsh channel 1 opened.
DEB [20201030-18:31:25.435] thr=3   paramiko.transport: [chan 1] Sesch channel 1 request ok
DEB [20201030-18:31:25.538] thr=3   paramiko.transport: [chan 1] Sesch channel 1 request ok
DEB [20201030-18:31:25.544] thr=3   paramiko.transport: [chan 1] EOF received (1)
DEB [20201030-18:31:25.544] thr=3   paramiko.transport: [chan 1] EOF sent (1)
DEB [20201030-18:31:25.553] thr=2   paramiko.transport: [chan 2] Max packet in: 32768 bytes
DEB [20201030-18:31:26.013] thr=3   paramiko.transport: [chan 2] Max packet out: 32768 bytes
DEB [20201030-18:31:26.013] thr=3   paramiko.transport: Secsh channel 2 opened.
DEB [20201030-18:31:26.124] thr=3   paramiko.transport: [chan 2] Sesch channel 2 request ok
DEB [20201030-18:31:26.226] thr=3   paramiko.transport: [chan 2] Sesch channel 2 request ok
DEB [20201030-18:31:26.332] thr=3   paramiko.transport: [chan 2] EOF received (2)
DEB [20201030-18:31:26.333] thr=3   paramiko.transport: [chan 2] EOF sent (2)
DEB [20201030-18:31:26.337] thr=2   paramiko.transport: [chan 3] Max packet in: 32768 bytes
DEB [20201030-18:31:26.637] thr=3   paramiko.transport: [chan 3] Max packet out: 32768 bytes
DEB [20201030-18:31:26.638] thr=3   paramiko.transport: Secsh channel 3 opened.
DEB [20201030-18:31:26.739] thr=3   paramiko.transport: [chan 3] Sesch channel 3 request ok
DEB [20201030-18:31:26.842] thr=3   paramiko.transport: [chan 3] Sesch channel 3 request ok
DEB [20201030-18:31:27.224] thr=3   paramiko.transport: [chan 3] EOF received (3)
DEB [20201030-18:31:27.225] thr=3   paramiko.transport: [chan 3] EOF sent (3)
DEB [20201030-18:31:27.255] thr=2   paramiko.transport: [chan 4] Max packet in: 32768 bytes
DEB [20201030-18:31:27.764] thr=3   paramiko.transport: [chan 4] Max packet out: 32768 bytes
DEB [20201030-18:31:27.765] thr=3   paramiko.transport: Secsh channel 4 opened.
DEB [20201030-18:31:28.354] thr=3   paramiko.transport: [chan 4] Sesch channel 4 request ok
DEB [20201030-18:31:28.458] thr=3   paramiko.transport: [chan 4] Sesch channel 4 request ok
DEB [20201030-18:31:28.473] thr=3   paramiko.transport: [chan 4] EOF received (4)
DEB [20201030-18:31:28.474] thr=3   paramiko.transport: [chan 4] EOF sent (4)
DEB [20201030-18:31:28.481] thr=2   paramiko.transport: [chan 5] Max packet in: 32768 bytes
DEB [20201030-18:31:28.966] thr=3   paramiko.transport: [chan 5] Max packet out: 32768 bytes
DEB [20201030-18:31:28.966] thr=3   paramiko.transport: Secsh channel 5 opened.
DEB [20201030-18:31:29.070] thr=3   paramiko.transport: [chan 5] Sesch channel 5 request ok
DEB [20201030-18:31:29.174] thr=3   paramiko.transport: [chan 5] Sesch channel 5 request ok
DEB [20201030-18:31:29.182] thr=3   paramiko.transport: [chan 5] EOF received (5)
DEB [20201030-18:31:29.184] thr=3   paramiko.transport: [chan 5] EOF sent (5)
DEB [20201030-18:31:29.187] thr=2   paramiko.transport: [chan 6] Max packet in: 32768 bytes
DEB [20201030-18:31:29.388] thr=3   paramiko.transport: [chan 6] Max packet out: 32768 bytes
DEB [20201030-18:31:29.389] thr=3   paramiko.transport: Secsh channel 6 opened.
DEB [20201030-18:31:29.494] thr=3   paramiko.transport: [chan 6] Sesch channel 6 request ok
DEB [20201030-18:31:29.596] thr=3   paramiko.transport: [chan 6] Sesch channel 6 request ok
DEB [20201030-18:31:31.554] thr=3   paramiko.transport: [chan 6] EOF received (6)
DEB [20201030-18:31:31.555] thr=3   paramiko.transport: [chan 6] EOF sent (6)
DEB [20201030-18:31:31.563] thr=2   paramiko.transport: [chan 7] Max packet in: 32768 bytes
DEB [20201030-18:31:32.131] thr=3   paramiko.transport: [chan 7] Max packet out: 32768 bytes
DEB [20201030-18:31:32.131] thr=3   paramiko.transport: Secsh channel 7 opened.
DEB [20201030-18:31:32.244] thr=3   paramiko.transport: [chan 7] Sesch channel 7 request ok
DEB [20201030-18:31:32.347] thr=3   paramiko.transport: [chan 7] Sesch channel 7 request ok
DEB [20201030-18:31:33.855] thr=3   paramiko.transport: [chan 7] EOF received (7)
DEB [20201030-18:31:33.855] thr=3   paramiko.transport: [chan 7] EOF sent (7)
DEB [20201030-18:31:33.864] thr=2   paramiko.transport: [chan 8] Max packet in: 32768 bytes
DEB [20201030-18:31:34.524] thr=3   paramiko.transport: [chan 8] Max packet out: 32768 bytes
DEB [20201030-18:31:34.524] thr=3   paramiko.transport: Secsh channel 8 opened.
DEB [20201030-18:31:34.627] thr=3   paramiko.transport: [chan 8] Sesch channel 8 request ok
DEB [20201030-18:31:34.731] thr=3   paramiko.transport: [chan 8] Sesch channel 8 request ok
DEB [20201030-18:31:34.745] thr=3   paramiko.transport: [chan 8] EOF received (8)
DEB [20201030-18:31:34.745] thr=3   paramiko.transport: [chan 8] EOF sent (8)
DEB [20201030-18:31:34.754] thr=2   paramiko.transport: [chan 9] Max packet in: 32768 bytes
DEB [20201030-18:31:34.952] thr=3   paramiko.transport: [chan 9] Max packet out: 32768 bytes
DEB [20201030-18:31:34.952] thr=3   paramiko.transport: Secsh channel 9 opened.
DEB [20201030-18:31:35.055] thr=3   paramiko.transport: [chan 9] Sesch channel 9 request ok
DEB [20201030-18:31:35.157] thr=3   paramiko.transport: [chan 9] Sesch channel 9 request ok
DEB [20201030-18:31:35.170] thr=3   paramiko.transport: [chan 9] EOF received (9)
DEB [20201030-18:31:35.170] thr=3   paramiko.transport: [chan 9] EOF sent (9)
DEB [20201030-18:31:35.180] thr=2   paramiko.transport: [chan 10] Max packet in: 32768 bytes
DEB [20201030-18:31:35.630] thr=3   paramiko.transport: [chan 10] Max packet out: 32768 bytes
DEB [20201030-18:31:35.630] thr=3   paramiko.transport: Secsh channel 10 opened.
DEB [20201030-18:31:35.736] thr=3   paramiko.transport: [chan 10] Sesch channel 10 request ok
DEB [20201030-18:31:36.353] thr=3   paramiko.transport: [chan 10] Sesch channel 10 request ok
DEB [20201030-18:31:36.354] thr=3   paramiko.transport: [chan 10] EOF received (10)
DEB [20201030-18:31:36.355] thr=3   paramiko.transport: [chan 10] EOF sent (10)
DEB [20201030-18:31:36.355] thr=2   paramiko.transport: [chan 11] Max packet in: 32768 bytes
DEB [20201030-18:31:36.558] thr=3   paramiko.transport: [chan 11] Max packet out: 32768 bytes
DEB [20201030-18:31:36.558] thr=3   paramiko.transport: Secsh channel 11 opened.
DEB [20201030-18:31:36.662] thr=3   paramiko.transport: [chan 11] Sesch channel 11 request ok
DEB [20201030-18:31:36.766] thr=3   paramiko.transport: [chan 11] Sesch channel 11 request ok
DEB [20201030-18:31:36.771] thr=3   paramiko.transport: [chan 11] EOF received (11)
DEB [20201030-18:31:36.771] thr=3   paramiko.transport: [chan 11] EOF sent (11)
DEB [20201030-18:31:36.778] thr=2   paramiko.transport: [chan 12] Max packet in: 32768 bytes
DEB [20201030-18:31:37.303] thr=3   paramiko.transport: [chan 12] Max packet out: 32768 bytes
DEB [20201030-18:31:37.303] thr=3   paramiko.transport: Secsh channel 12 opened.
DEB [20201030-18:31:37.406] thr=3   paramiko.transport: [chan 12] Sesch channel 12 request ok
DEB [20201030-18:31:37.508] thr=3   paramiko.transport: [chan 12] Sesch channel 12 request ok
DEB [20201030-18:31:37.515] thr=3   paramiko.transport: [chan 12] EOF received (12)
DEB [20201030-18:31:37.515] thr=3   paramiko.transport: [chan 12] EOF sent (12)
DEB [20201030-18:31:37.527] thr=2   paramiko.transport: [chan 13] Max packet in: 32768 bytes
DEB [20201030-18:31:37.762] thr=3   paramiko.transport: [chan 13] Max packet out: 32768 bytes
DEB [20201030-18:31:37.762] thr=3   paramiko.transport: Secsh channel 13 opened.
DEB [20201030-18:31:38.237] thr=3   paramiko.transport: [chan 13] Sesch channel 13 request ok
DEB [20201030-18:31:38.338] thr=3   paramiko.transport: [chan 13] Sesch channel 13 request ok
DEB [20201030-18:31:38.353] thr=3   paramiko.transport: [chan 13] EOF received (13)
DEB [20201030-18:31:38.353] thr=3   paramiko.transport: [chan 13] EOF sent (13)
DEB [20201030-18:31:38.360] thr=2   paramiko.transport: [chan 14] Max packet in: 32768 bytes
DEB [20201030-18:31:38.558] thr=3   paramiko.transport: [chan 14] Max packet out: 32768 bytes
DEB [20201030-18:31:38.558] thr=3   paramiko.transport: Secsh channel 14 opened.
DEB [20201030-18:31:38.660] thr=3   paramiko.transport: [chan 14] Sesch channel 14 request ok
DEB [20201030-18:31:38.769] thr=3   paramiko.transport: [chan 14] Sesch channel 14 request ok
DEB [20201030-18:31:38.776] thr=3   paramiko.transport: [chan 14] EOF received (14)
DEB [20201030-18:31:38.777] thr=3   paramiko.transport: [chan 14] EOF sent (14)
DEB [20201030-18:31:38.782] thr=2   paramiko.transport: [chan 15] Max packet in: 32768 bytes
DEB [20201030-18:31:39.272] thr=3   paramiko.transport: [chan 15] Max packet out: 32768 bytes
DEB [20201030-18:31:39.272] thr=3   paramiko.transport: Secsh channel 15 opened.
DEB [20201030-18:31:39.376] thr=3   paramiko.transport: [chan 15] Sesch channel 15 request ok
DEB [20201030-18:31:39.478] thr=3   paramiko.transport: [chan 15] Sesch channel 15 request ok
DEB [20201030-18:31:39.483] thr=3   paramiko.transport: [chan 15] EOF received (15)
DEB [20201030-18:31:39.484] thr=3   paramiko.transport: [chan 15] EOF sent (15)
DEB [20201030-18:31:39.490] thr=2   paramiko.transport: [chan 16] Max packet in: 32768 bytes
DEB [20201030-18:31:40.673] thr=3   paramiko.transport: [chan 16] Max packet out: 32768 bytes
DEB [20201030-18:31:40.673] thr=3   paramiko.transport: Secsh channel 16 opened.
DEB [20201030-18:31:40.776] thr=3   paramiko.transport: [chan 16] Sesch channel 16 request ok
DEB [20201030-18:31:40.891] thr=3   paramiko.transport: [chan 16] Sesch channel 16 request ok
DEB [20201030-18:31:40.894] thr=3   paramiko.transport: [chan 16] EOF received (16)
DEB [20201030-18:31:40.895] thr=3   paramiko.transport: [chan 16] EOF sent (16)
DEB [20201030-18:31:40.904] thr=2   paramiko.transport: [chan 17] Max packet in: 32768 bytes
DEB [20201030-18:31:41.470] thr=3   paramiko.transport: [chan 17] Max packet out: 32768 bytes
DEB [20201030-18:31:41.470] thr=3   paramiko.transport: Secsh channel 17 opened.
DEB [20201030-18:31:41.571] thr=3   paramiko.transport: [chan 17] Sesch channel 17 request ok
DEB [20201030-18:31:41.674] thr=3   paramiko.transport: [chan 17] Sesch channel 17 request ok
DEB [20201030-18:31:42.347] thr=3   paramiko.transport: [chan 17] EOF received (17)
DEB [20201030-18:31:42.348] thr=3   paramiko.transport: [chan 17] EOF sent (17)
DEB [20201030-18:31:42.356] thr=2   paramiko.transport: [chan 18] Max packet in: 32768 bytes
DEB [20201030-18:31:42.555] thr=3   paramiko.transport: [chan 18] Max packet out: 32768 bytes
DEB [20201030-18:31:42.555] thr=3   paramiko.transport: Secsh channel 18 opened.
DEB [20201030-18:31:42.657] thr=3   paramiko.transport: [chan 18] Sesch channel 18 request ok
DEB [20201030-18:31:42.761] thr=3   paramiko.transport: [chan 18] Sesch channel 18 request ok
DEB [20201030-18:31:44.343] thr=3   paramiko.transport: [chan 18] EOF received (18)
DEB [20201030-18:31:44.344] thr=3   paramiko.transport: [chan 18] EOF sent (18)
DEB [20201101-14:33:58.689] thr=1   paramiko.transport: starting thread (client mode): 0x256bbe0
DEB [20201101-14:33:58.692] thr=1   paramiko.transport: Local version/idstring: SSH-2.0-paramiko_2.7.2
DEB [20201101-14:33:58.801] thr=1   paramiko.transport: Remote version/idstring: SSH-2.0-OpenSSH_8.3p1 Ubuntu-1
INF [20201101-14:33:58.801] thr=1   paramiko.transport: Connected (version 2.0, client OpenSSH_8.3p1)
DEB [20201101-14:33:58.903] thr=1   paramiko.transport: kex algos:['curve25519-sha256', 'curve25519-sha256@libssh.org', 'ecdh-sha2-nistp256', 'ecdh-sha2-nistp384', 'ecdh-sha2-nistp521', 'diffie-hellman-group-exchange-sha256', 'diffie-hellman-group16-sha512', 'diffie-hellman-group18-sha512', 'diffie-hellman-group14-sha256'] server key:['rsa-sha2-512', 'rsa-sha2-256', 'ssh-rsa', 'ecdsa-sha2-nistp256', 'ssh-ed25519'] client encrypt:['chacha20-poly1305@openssh.com', 'aes128-ctr', 'aes192-ctr', 'aes256-ctr', 'aes128-gcm@openssh.com', 'aes256-gcm@openssh.com'] server encrypt:['chacha20-poly1305@openssh.com', 'aes128-ctr', 'aes192-ctr', 'aes256-ctr', 'aes128-gcm@openssh.com', 'aes256-gcm@openssh.com'] client mac:['umac-64-etm@openssh.com', 'umac-128-etm@openssh.com', 'hmac-sha2-256-etm@openssh.com', 'hmac-sha2-512-etm@openssh.com', 'hmac-sha1-etm@openssh.com', 'umac-64@openssh.com', 'umac-128@openssh.com', 'hmac-sha2-256', 'hmac-sha2-512', 'hmac-sha1'] server mac:['umac-64-etm@openssh.com', 'umac-128-etm@openssh.com', 'hmac-sha2-256-etm@openssh.com', 'hmac-sha2-512-etm@openssh.com', 'hmac-sha1-etm@openssh.com', 'umac-64@openssh.com', 'umac-128@openssh.com', 'hmac-sha2-256', 'hmac-sha2-512', 'hmac-sha1'] client compress:['none', 'zlib@openssh.com'] server compress:['none', 'zlib@openssh.com'] client lang:[''] server lang:[''] kex follows?False
DEB [20201101-14:33:58.903] thr=1   paramiko.transport: Kex agreed: curve25519-sha256@libssh.org
DEB [20201101-14:33:58.903] thr=1   paramiko.transport: HostKey agreed: ecdsa-sha2-nistp256
DEB [20201101-14:33:58.903] thr=1   paramiko.transport: Cipher agreed: aes128-ctr
DEB [20201101-14:33:58.904] thr=1   paramiko.transport: MAC agreed: hmac-sha2-256
DEB [20201101-14:33:58.904] thr=1   paramiko.transport: Compression agreed: none
DEB [20201101-14:33:59.012] thr=1   paramiko.transport: kex engine KexCurve25519 specified hash_algo <built-in function openssl_sha256>
DEB [20201101-14:33:59.013] thr=1   paramiko.transport: Switch to new keys ...
DEB [20201101-14:33:59.019] thr=2   paramiko.transport: Trying discovered key b'5dd418c1670c7ed57be183593730d07f' in /Users/A187AG/.ssh/id_rsa
DEB [20201101-14:33:59.352] thr=1   paramiko.transport: userauth is OK
INF [20201101-14:33:59.467] thr=1   paramiko.transport: Authentication (publickey) failed.
DEB [20201101-14:34:05.477] thr=3   paramiko.transport: starting thread (client mode): 0x25b1668
DEB [20201101-14:34:05.478] thr=3   paramiko.transport: Local version/idstring: SSH-2.0-paramiko_2.7.2
DEB [20201101-14:34:05.586] thr=3   paramiko.transport: Remote version/idstring: SSH-2.0-OpenSSH_8.3p1 Ubuntu-1
INF [20201101-14:34:05.586] thr=3   paramiko.transport: Connected (version 2.0, client OpenSSH_8.3p1)
DEB [20201101-14:34:05.971] thr=3   paramiko.transport: kex algos:['curve25519-sha256', 'curve25519-sha256@libssh.org', 'ecdh-sha2-nistp256', 'ecdh-sha2-nistp384', 'ecdh-sha2-nistp521', 'diffie-hellman-group-exchange-sha256', 'diffie-hellman-group16-sha512', 'diffie-hellman-group18-sha512', 'diffie-hellman-group14-sha256'] server key:['rsa-sha2-512', 'rsa-sha2-256', 'ssh-rsa', 'ecdsa-sha2-nistp256', 'ssh-ed25519'] client encrypt:['chacha20-poly1305@openssh.com', 'aes128-ctr', 'aes192-ctr', 'aes256-ctr', 'aes128-gcm@openssh.com', 'aes256-gcm@openssh.com'] server encrypt:['chacha20-poly1305@openssh.com', 'aes128-ctr', 'aes192-ctr', 'aes256-ctr', 'aes128-gcm@openssh.com', 'aes256-gcm@openssh.com'] client mac:['umac-64-etm@openssh.com', 'umac-128-etm@openssh.com', 'hmac-sha2-256-etm@openssh.com', 'hmac-sha2-512-etm@openssh.com', 'hmac-sha1-etm@openssh.com', 'umac-64@openssh.com', 'umac-128@openssh.com', 'hmac-sha2-256', 'hmac-sha2-512', 'hmac-sha1'] server mac:['umac-64-etm@openssh.com', 'umac-128-etm@openssh.com', 'hmac-sha2-256-etm@openssh.com', 'hmac-sha2-512-etm@openssh.com', 'hmac-sha1-etm@openssh.com', 'umac-64@openssh.com', 'umac-128@openssh.com', 'hmac-sha2-256', 'hmac-sha2-512', 'hmac-sha1'] client compress:['none', 'zlib@openssh.com'] server compress:['none', 'zlib@openssh.com'] client lang:[''] server lang:[''] kex follows?False
DEB [20201101-14:34:05.971] thr=3   paramiko.transport: Kex agreed: curve25519-sha256@libssh.org
DEB [20201101-14:34:05.971] thr=3   paramiko.transport: HostKey agreed: ecdsa-sha2-nistp256
DEB [20201101-14:34:05.971] thr=3   paramiko.transport: Cipher agreed: aes128-ctr
DEB [20201101-14:34:05.971] thr=3   paramiko.transport: MAC agreed: hmac-sha2-256
DEB [20201101-14:34:05.972] thr=3   paramiko.transport: Compression agreed: none
DEB [20201101-14:34:06.083] thr=3   paramiko.transport: kex engine KexCurve25519 specified hash_algo <built-in function openssl_sha256>
DEB [20201101-14:34:06.083] thr=3   paramiko.transport: Switch to new keys ...
DEB [20201101-14:34:06.088] thr=2   paramiko.transport: Trying discovered key b'5dd418c1670c7ed57be183593730d07f' in /Users/A187AG/.ssh/id_rsa
DEB [20201101-14:34:06.284] thr=3   paramiko.transport: userauth is OK
INF [20201101-14:34:06.401] thr=3   paramiko.transport: Authentication (publickey) failed.
DEB [20201101-14:34:06.543] thr=3   paramiko.transport: userauth is OK
INF [20201101-14:34:06.659] thr=3   paramiko.transport: Authentication (password) successful!
DEB [20201101-14:34:06.659] thr=2   paramiko.transport: [chan 0] Max packet in: 32768 bytes
DEB [20201101-14:34:07.313] thr=3   paramiko.transport: Received global request "hostkeys-00@openssh.com"
DEB [20201101-14:34:07.313] thr=3   paramiko.transport: Rejecting "hostkeys-00@openssh.com" global request from server.
DEB [20201101-14:34:07.414] thr=3   paramiko.transport: [chan 0] Max packet out: 32768 bytes
DEB [20201101-14:34:07.414] thr=3   paramiko.transport: Secsh channel 0 opened.
DEB [20201101-14:34:07.515] thr=3   paramiko.transport: [chan 0] Sesch channel 0 request ok
DEB [20201101-14:34:07.617] thr=3   paramiko.transport: [chan 0] Sesch channel 0 request ok
DEB [20201101-14:34:07.626] thr=3   paramiko.transport: [chan 0] EOF received (0)
DEB [20201101-14:34:07.626] thr=3   paramiko.transport: [chan 0] EOF sent (0)
DEB [20201101-14:34:07.640] thr=2   paramiko.transport: [chan 1] Max packet in: 32768 bytes
DEB [20201101-14:34:07.859] thr=3   paramiko.transport: [chan 1] Max packet out: 32768 bytes
DEB [20201101-14:34:07.859] thr=3   paramiko.transport: Secsh channel 1 opened.
DEB [20201101-14:34:08.186] thr=3   paramiko.transport: [chan 1] Sesch channel 1 request ok
DEB [20201101-14:34:08.289] thr=3   paramiko.transport: [chan 1] Sesch channel 1 request ok
DEB [20201101-14:34:08.297] thr=3   paramiko.transport: [chan 1] EOF received (1)
DEB [20201101-14:34:08.297] thr=3   paramiko.transport: [chan 1] EOF sent (1)
DEB [20201101-14:34:08.303] thr=2   paramiko.transport: [chan 2] Max packet in: 32768 bytes
DEB [20201101-14:34:08.499] thr=3   paramiko.transport: [chan 2] Max packet out: 32768 bytes
DEB [20201101-14:34:08.499] thr=3   paramiko.transport: Secsh channel 2 opened.
DEB [20201101-14:34:08.601] thr=3   paramiko.transport: [chan 2] Sesch channel 2 request ok
DEB [20201101-14:34:09.068] thr=3   paramiko.transport: [chan 2] Sesch channel 2 request ok
DEB [20201101-14:34:09.074] thr=3   paramiko.transport: [chan 2] EOF received (2)
DEB [20201101-14:34:09.074] thr=3   paramiko.transport: [chan 2] EOF sent (2)
DEB [20201101-14:34:09.084] thr=2   paramiko.transport: [chan 3] Max packet in: 32768 bytes
DEB [20201101-14:34:09.276] thr=3   paramiko.transport: [chan 3] Max packet out: 32768 bytes
DEB [20201101-14:34:09.276] thr=3   paramiko.transport: Secsh channel 3 opened.
DEB [20201101-14:34:09.378] thr=3   paramiko.transport: [chan 3] Sesch channel 3 request ok
DEB [20201101-14:34:09.481] thr=3   paramiko.transport: [chan 3] Sesch channel 3 request ok
DEB [20201101-14:34:10.165] thr=3   paramiko.transport: [chan 3] EOF received (3)
DEB [20201101-14:34:10.172] thr=3   paramiko.transport: [chan 3] EOF sent (3)
DEB [20201101-14:34:10.269] thr=2   paramiko.transport: [chan 4] Max packet in: 32768 bytes
DEB [20201101-14:34:10.473] thr=3   paramiko.transport: [chan 4] Max packet out: 32768 bytes
DEB [20201101-14:34:10.473] thr=3   paramiko.transport: Secsh channel 4 opened.
DEB [20201101-14:34:10.578] thr=3   paramiko.transport: [chan 4] Sesch channel 4 request ok
DEB [20201101-14:34:10.682] thr=3   paramiko.transport: [chan 4] Sesch channel 4 request ok
DEB [20201101-14:34:10.697] thr=3   paramiko.transport: [chan 4] EOF received (4)
DEB [20201101-14:34:10.697] thr=3   paramiko.transport: [chan 4] EOF sent (4)
DEB [20201101-14:34:10.708] thr=2   paramiko.transport: [chan 5] Max packet in: 32768 bytes
DEB [20201101-14:34:11.360] thr=3   paramiko.transport: [chan 5] Max packet out: 32768 bytes
DEB [20201101-14:34:11.360] thr=3   paramiko.transport: Secsh channel 5 opened.
DEB [20201101-14:34:11.461] thr=3   paramiko.transport: [chan 5] Sesch channel 5 request ok
DEB [20201101-14:34:11.563] thr=3   paramiko.transport: [chan 5] Sesch channel 5 request ok
DEB [20201101-14:34:11.570] thr=3   paramiko.transport: [chan 5] EOF received (5)
DEB [20201101-14:34:11.570] thr=3   paramiko.transport: [chan 5] EOF sent (5)
DEB [20201101-14:34:11.575] thr=2   paramiko.transport: [chan 6] Max packet in: 32768 bytes
DEB [20201101-14:34:11.952] thr=3   paramiko.transport: [chan 6] Max packet out: 32768 bytes
DEB [20201101-14:34:11.952] thr=3   paramiko.transport: Secsh channel 6 opened.
DEB [20201101-14:34:12.052] thr=3   paramiko.transport: [chan 6] Sesch channel 6 request ok
DEB [20201101-14:34:12.154] thr=3   paramiko.transport: [chan 6] Sesch channel 6 request ok
DEB [20201101-14:34:16.924] thr=3   paramiko.transport: [chan 6] EOF received (6)
DEB [20201101-14:34:16.925] thr=3   paramiko.transport: [chan 6] EOF sent (6)
DEB [20201101-14:34:16.934] thr=2   paramiko.transport: [chan 7] Max packet in: 32768 bytes
DEB [20201101-14:34:17.613] thr=3   paramiko.transport: [chan 7] Max packet out: 32768 bytes
DEB [20201101-14:34:17.613] thr=3   paramiko.transport: Secsh channel 7 opened.
DEB [20201101-14:34:17.715] thr=3   paramiko.transport: [chan 7] Sesch channel 7 request ok
DEB [20201101-14:34:17.818] thr=3   paramiko.transport: [chan 7] Sesch channel 7 request ok
DEB [20201101-14:34:21.353] thr=3   paramiko.transport: [chan 7] EOF received (7)
DEB [20201101-14:34:21.354] thr=3   paramiko.transport: [chan 7] EOF sent (7)
DEB [20201101-14:34:21.356] thr=2   paramiko.transport: [chan 8] Max packet in: 32768 bytes
DEB [20201101-14:34:21.598] thr=3   paramiko.transport: [chan 8] Max packet out: 32768 bytes
DEB [20201101-14:34:21.598] thr=3   paramiko.transport: Secsh channel 8 opened.
DEB [20201101-14:34:21.936] thr=3   paramiko.transport: [chan 8] Sesch channel 8 request ok
DEB [20201101-14:34:22.039] thr=3   paramiko.transport: [chan 8] Sesch channel 8 request ok
DEB [20201101-14:34:22.048] thr=3   paramiko.transport: [chan 8] EOF received (8)
DEB [20201101-14:34:22.049] thr=3   paramiko.transport: [chan 8] EOF sent (8)
DEB [20201101-14:34:22.054] thr=2   paramiko.transport: [chan 9] Max packet in: 32768 bytes
DEB [20201101-14:34:23.700] thr=3   paramiko.transport: [chan 9] Max packet out: 32768 bytes
DEB [20201101-14:34:23.701] thr=3   paramiko.transport: Secsh channel 9 opened.
DEB [20201101-14:34:23.802] thr=3   paramiko.transport: [chan 9] Sesch channel 9 request ok
DEB [20201101-14:34:23.904] thr=3   paramiko.transport: [chan 9] Sesch channel 9 request ok
DEB [20201101-14:34:23.915] thr=3   paramiko.transport: [chan 9] EOF received (9)
DEB [20201101-14:34:23.915] thr=3   paramiko.transport: [chan 9] EOF sent (9)
DEB [20201101-14:34:23.917] thr=2   paramiko.transport: [chan 10] Max packet in: 32768 bytes
DEB [20201101-14:34:24.622] thr=3   paramiko.transport: [chan 10] Max packet out: 32768 bytes
DEB [20201101-14:34:24.623] thr=3   paramiko.transport: Secsh channel 10 opened.
DEB [20201101-14:34:24.725] thr=3   paramiko.transport: [chan 10] Sesch channel 10 request ok
DEB [20201101-14:34:24.828] thr=3   paramiko.transport: [chan 10] Sesch channel 10 request ok
DEB [20201101-14:34:24.836] thr=3   paramiko.transport: [chan 10] EOF received (10)
DEB [20201101-14:34:24.837] thr=3   paramiko.transport: [chan 10] EOF sent (10)
DEB [20201101-14:34:24.841] thr=2   paramiko.transport: [chan 11] Max packet in: 32768 bytes
DEB [20201101-14:34:25.375] thr=3   paramiko.transport: [chan 11] Max packet out: 32768 bytes
DEB [20201101-14:34:25.375] thr=3   paramiko.transport: Secsh channel 11 opened.
DEB [20201101-14:34:25.476] thr=3   paramiko.transport: [chan 11] Sesch channel 11 request ok
DEB [20201101-14:34:25.580] thr=3   paramiko.transport: [chan 11] Sesch channel 11 request ok
DEB [20201101-14:34:25.585] thr=3   paramiko.transport: [chan 11] EOF received (11)
DEB [20201101-14:34:25.585] thr=3   paramiko.transport: [chan 11] EOF sent (11)
DEB [20201101-14:34:25.593] thr=2   paramiko.transport: [chan 12] Max packet in: 32768 bytes
DEB [20201101-14:34:26.350] thr=3   paramiko.transport: [chan 12] Max packet out: 32768 bytes
DEB [20201101-14:34:26.350] thr=3   paramiko.transport: Secsh channel 12 opened.
DEB [20201101-14:34:26.451] thr=3   paramiko.transport: [chan 12] Sesch channel 12 request ok
DEB [20201101-14:34:26.553] thr=3   paramiko.transport: [chan 12] Sesch channel 12 request ok
DEB [20201101-14:34:26.560] thr=3   paramiko.transport: [chan 12] EOF received (12)
DEB [20201101-14:34:26.560] thr=3   paramiko.transport: [chan 12] EOF sent (12)
DEB [20201101-14:34:26.565] thr=2   paramiko.transport: [chan 13] Max packet in: 32768 bytes
DEB [20201101-14:34:27.046] thr=3   paramiko.transport: [chan 13] Max packet out: 32768 bytes
DEB [20201101-14:34:27.046] thr=3   paramiko.transport: Secsh channel 13 opened.
DEB [20201101-14:34:27.148] thr=3   paramiko.transport: [chan 13] Sesch channel 13 request ok
DEB [20201101-14:34:27.250] thr=3   paramiko.transport: [chan 13] Sesch channel 13 request ok
DEB [20201101-14:34:27.262] thr=3   paramiko.transport: [chan 13] EOF received (13)
DEB [20201101-14:34:27.262] thr=3   paramiko.transport: [chan 13] EOF sent (13)
DEB [20201101-14:34:27.272] thr=2   paramiko.transport: [chan 14] Max packet in: 32768 bytes
DEB [20201101-14:34:28.343] thr=3   paramiko.transport: [chan 14] Max packet out: 32768 bytes
DEB [20201101-14:34:28.343] thr=3   paramiko.transport: Secsh channel 14 opened.
DEB [20201101-14:34:28.445] thr=3   paramiko.transport: [chan 14] Sesch channel 14 request ok
DEB [20201101-14:34:28.547] thr=3   paramiko.transport: [chan 14] Sesch channel 14 request ok
DEB [20201101-14:34:28.554] thr=3   paramiko.transport: [chan 14] EOF received (14)
DEB [20201101-14:34:28.554] thr=3   paramiko.transport: [chan 14] EOF sent (14)
DEB [20201101-14:34:28.560] thr=2   paramiko.transport: [chan 15] Max packet in: 32768 bytes
DEB [20201101-14:34:29.456] thr=3   paramiko.transport: [chan 15] Max packet out: 32768 bytes
DEB [20201101-14:34:29.457] thr=3   paramiko.transport: Secsh channel 15 opened.
DEB [20201101-14:34:29.559] thr=3   paramiko.transport: [chan 15] Sesch channel 15 request ok
DEB [20201101-14:34:29.664] thr=3   paramiko.transport: [chan 15] Sesch channel 15 request ok
DEB [20201101-14:34:29.667] thr=3   paramiko.transport: [chan 15] EOF received (15)
DEB [20201101-14:34:29.668] thr=3   paramiko.transport: [chan 15] EOF sent (15)
DEB [20201101-14:34:29.678] thr=2   paramiko.transport: [chan 16] Max packet in: 32768 bytes
DEB [20201101-14:34:32.056] thr=3   paramiko.transport: [chan 16] Max packet out: 32768 bytes
DEB [20201101-14:34:32.056] thr=3   paramiko.transport: Secsh channel 16 opened.
DEB [20201101-14:34:32.161] thr=3   paramiko.transport: [chan 16] Sesch channel 16 request ok
DEB [20201101-14:34:32.263] thr=3   paramiko.transport: [chan 16] Sesch channel 16 request ok
DEB [20201101-14:34:32.274] thr=3   paramiko.transport: [chan 16] EOF received (16)
DEB [20201101-14:34:32.275] thr=3   paramiko.transport: [chan 16] EOF sent (16)
DEB [20201101-14:34:32.276] thr=2   paramiko.transport: [chan 17] Max packet in: 32768 bytes
DEB [20201101-14:34:32.668] thr=3   paramiko.transport: [chan 17] Max packet out: 32768 bytes
DEB [20201101-14:34:32.668] thr=3   paramiko.transport: Secsh channel 17 opened.
DEB [20201101-14:34:32.769] thr=3   paramiko.transport: [chan 17] Sesch channel 17 request ok
DEB [20201101-14:34:32.871] thr=3   paramiko.transport: [chan 17] Sesch channel 17 request ok
DEB [20201101-14:34:37.036] thr=3   paramiko.transport: [chan 17] EOF received (17)
DEB [20201101-14:34:37.037] thr=3   paramiko.transport: [chan 17] EOF sent (17)
DEB [20201101-14:34:37.045] thr=2   paramiko.transport: [chan 18] Max packet in: 32768 bytes
DEB [20201101-14:34:37.280] thr=3   paramiko.transport: [chan 18] Max packet out: 32768 bytes
DEB [20201101-14:34:37.280] thr=3   paramiko.transport: Secsh channel 18 opened.
DEB [20201101-14:34:38.609] thr=3   paramiko.transport: [chan 18] Sesch channel 18 request ok
DEB [20201101-14:34:38.712] thr=3   paramiko.transport: [chan 18] Sesch channel 18 request ok
DEB [20201101-14:34:40.419] thr=3   paramiko.transport: [chan 18] EOF received (18)
DEB [20201101-14:34:40.420] thr=3   paramiko.transport: [chan 18] EOF sent (18)
